<?xml version="1.0" encoding="UTF-8"?>
<testsuite xmlns:xsi="http://www.w3.org/2001/XMLSchema-instance" xsi:noNamespaceSchemaLocation="https://maven.apache.org/surefire/maven-surefire-plugin/xsd/surefire-test-report-3.0.xsd" version="3.0" name="com.employee.cucumber.runner.LoginTestRunner" time="15.896" tests="2" errors="0" skipped="0" failures="0">
  <properties>
[...]
</properties>
  <testcase name="Admin logs in and navigates to Employee Details" classname="TechEMS Employee Management - Full Navigation Flow" time="7.68">
    <system-out><![CDATA[
@LoginFeature @Test1 @Admin
Scenario: Admin logs in and navigates to Employee Details    # src/test/resources/features/Login.feature:13

▶  Starting: Admin logs in and navigates to Employee Details
  Given I open the TechEMS application                       # com.employee.cucumber.stepdefs.LoginSteps.iOpenTheApplication()
  When I select the Admin Portal                             # com.employee.cucumber.stepdefs.LoginSteps.selectAdminPortal()
  And I enter admin username "admin" and password "admin123" # com.employee.cucumber.stepdefs.LoginSteps.enterAdminCredentials(java.lang.String,java.lang.String)
  And I click Sign In                                        # com.employee.cucumber.stepdefs.LoginSteps.clickSignIn()
   ✔ Admin Dashboard loaded
  Then I should land on the Admin Dashboard                  # com.employee.cucumber.stepdefs.LoginSteps.landOnAdminDashboard()
  When I navigate to the Employees page                      # com.employee.cucumber.stepdefs.LoginSteps.navigateToEmployeesPage()
   ✔ Admin Employees page loaded
  Then the Employee Details page should load                 # com.employee.cucumber.stepdefs.LoginSteps.employeeDetailsPageLoads()
  And the employee search bar should be visible              # com.employee.cucumber.stepdefs.LoginSteps.employeeSearchBarVisible()
  When I open the first employee details                     # com.employee.cucumber.stepdefs.LoginSteps.openFirstEmployeeDetails()
   ✔ Employee detail modal opened
  Then the employee detail modal should appear               # com.employee.cucumber.stepdefs.LoginSteps.employeeDetailModalAppears()
✓  PASSED
]]></system-out>
    <system-err><![CDATA[SLF4J(W): No SLF4J providers were found.
SLF4J(W): Defaulting to no-operation (NOP) logger implementation
SLF4J(W): See https://www.slf4j.org/codes.html#noProviders for further details.
Jul 18, 2026 10:44:50 AM org.openqa.selenium.devtools.CdpVersionFinder findNearestMatch
WARNING: Unable to find an exact match for CDP version 150, returning the closest version; found: 149; Please update to a Selenium version that supports CDP version 150
]]></system-err>
  </testcase>
  <testcase name="Employee logs in and browses their Dashboard and Profile" classname="TechEMS Employee Management - Full Navigation Flow" time="7.769">
    <system-out><![CDATA[
@LoginFeature @Test2 @Employee
Scenario: Employee logs in and browses their Dashboard and Profile # src/test/resources/features/Login.feature:27

▶  Starting: Employee logs in and browses their Dashboard and Profile
  Given I open the TechEMS application                             # com.employee.cucumber.stepdefs.LoginSteps.iOpenTheApplication()
  When I select the Employee Portal                                # com.employee.cucumber.stepdefs.LoginSteps.selectEmployeePortal()
  And I enter employee username "asbar" and password "emp123"      # com.employee.cucumber.stepdefs.LoginSteps.enterEmployeeCredentials(java.lang.String,java.lang.String)
  And I click Sign In                                              # com.employee.cucumber.stepdefs.LoginSteps.clickSignIn()
   ✔ Employee Dashboard loaded
  Then I should land on the Employee Dashboard                     # com.employee.cucumber.stepdefs.LoginSteps.landOnEmployeeDashboard()
   ✔ Attendance card visible
  And the attendance summary card should be visible                # com.employee.cucumber.stepdefs.LoginSteps.attendanceSummaryCardVisible()
   ✔ Salary card visible
  And the salary info card should be visible                       # com.employee.cucumber.stepdefs.LoginSteps.salaryInfoCardVisible()
  When I navigate to My Profile                                    # com.employee.cucumber.stepdefs.LoginSteps.navigateToMyProfile()
   ✔ My Profile page loaded
  Then the profile details page should load                        # com.employee.cucumber.stepdefs.LoginSteps.profileDetailsPageLoads()
✓  PASSED
]]></system-out>
    <system-err><![CDATA[Jul 18, 2026 10:44:58 AM org.openqa.selenium.devtools.CdpVersionFinder findNearestMatch
WARNING: Unable to find an exact match for CDP version 150, returning the closest version; found: 149; Please update to a Selenium version that supports CDP version 150
]]></system-err>
  </testcase>
</testsuite>